#
# There is insufficient memory for the Java Runtime Environment to continue.
# Native memory allocation (mmap) failed to map 81264640 bytes for committing reserved memory.
# Possible reasons:
#   The system is out of physical RAM or swap space
#   In 32 bit mode, the process size limit was hit
# Possible solutions:
#   Reduce memory load on the system
#   Increase physical memory or swap space
#   Check if swap backing store is full
#   Use 64 bit Java on a 64 bit OS
#   Decrease Java heap size (-Xmx/-Xms)
#   Decrease number of Java threads
#   Decrease Java thread stack sizes (-Xss)
#   Set larger code cache with -XX:ReservedCodeCacheSize=
# This output file may be truncated or incomplete.
#
#  Out of Memory Error (os_linux.cpp:2640), pid=23322, tid=0x00007f7b9a7f2700
#
# JRE version:  (8.0_151-b12) (build )
# Java VM: Java HotSpot(TM) 64-Bit Server VM (25.151-b12 mixed mode linux-amd64 compressed oops)
# Failed to write core dump. Core dumps have been disabled. To enable core dumping, try "ulimit -c unlimited" before starting Java again
#

---------------  T H R E A D  ---------------

Current thread (0x00007f7b9400a800):  JavaThread "Unknown thread" [_thread_in_vm, id=23329, stack(0x00007f7b9a6f2000,0x00007f7b9a7f3000)]

Stack: [0x00007f7b9a6f2000,0x00007f7b9a7f3000],  sp=0x00007f7b9a7f13c0,  free space=1020k
Native frames: (J=compiled Java code, j=interpreted, Vv=VM code, C=native code)
V  [libjvm.so+0xacb58a]  VMError::report_and_die()+0x2ba
V  [libjvm.so+0x4ff4ab]  report_vm_out_of_memory(char const*, int, unsigned long, VMErrorType, char const*)+0x8b
V  [libjvm.so+0x928113]  os::Linux::commit_memory_impl(char*, unsigned long, bool)+0x103
V  [libjvm.so+0x928669]  os::pd_commit_memory(char*, unsigned long, unsigned long, bool)+0x29
V  [libjvm.so+0x92288a]  os::commit_memory(char*, unsigned long, unsigned long, bool)+0x2a
V  [libjvm.so+0x9973e3]  PSVirtualSpace::expand_by(unsigned long)+0x53
V  [libjvm.so+0x9874f7]  PSOldGen::initialize(ReservedSpace, unsigned long, char const*, int)+0xb7
V  [libjvm.so+0x2dac3a]  AdjoiningGenerations::AdjoiningGenerations(ReservedSpace, GenerationSizer*, unsigned long)+0x39a
V  [libjvm.so+0x94b796]  ParallelScavengeHeap::initialize()+0x1d6
V  [libjvm.so+0xa93603]  Universe::initialize_heap()+0xf3
V  [libjvm.so+0xa93b6e]  universe_init()+0x3e
V  [libjvm.so+0x640545]  init_globals()+0x65
V  [libjvm.so+0xa7725e]  Threads::create_vm(JavaVMInitArgs*, bool*)+0x23e
V  [libjvm.so+0x6d4e44]  JNI_CreateJavaVM+0x74
C  [libjli.so+0x797e]  JavaMain+0x9e
C  [libpthread.so.0+0x7494]  start_thread+0xc4


---------------  P R O C E S S  ---------------

Java Threads: ( => current thread )

Other Threads:

=>0x00007f7b9400a800 (exited) JavaThread "Unknown thread" [_thread_in_vm, id=23329, stack(0x00007f7b9a6f2000,0x00007f7b9a7f3000)]

VM state:not at safepoint (not fully initialized)

VM Mutex/Monitor currently owned by a thread: None

GC Heap History (0 events):
No events

Deoptimization events (0 events):
No events

Internal exceptions (0 events):
No events

Events (0 events):
No events


Dynamic libraries:
00400000-00401000 r-xp 00000000 fe:00 1570992                            /usr/lib/jvm/java-8-oracle/bin/java
00600000-00601000 rw-p 00000000 fe:00 1570992                            /usr/lib/jvm/java-8-oracle/bin/java
00d6e000-00d8f000 rw-p 00000000 00:00 0                                  [heap]
91180000-d9700000 ---p 00000000 00:00 0 
d9700000-dbd80000 rw-p 00000000 00:00 0 
dbd80000-100000000 ---p 00000000 00:00 0 
7f7b83dc8000-7f7b8404f000 rw-p 00000000 00:00 0 
7f7b8404f000-7f7b842b8000 ---p 00000000 00:00 0 
7f7b842b8000-7f7b842cc000 rw-p 00000000 00:00 0 
7f7b842cc000-7f7b843ed000 ---p 00000000 00:00 0 
7f7b843ed000-7f7b843f8000 rw-p 00000000 00:00 0 
7f7b843f8000-7f7b847ae000 ---p 00000000 00:00 0 
7f7b847ae000-7f7b84a1e000 rwxp 00000000 00:00 0 
7f7b84a1e000-7f7b937ae000 ---p 00000000 00:00 0 
7f7b937ae000-7f7b937c9000 r-xp 00000000 fe:00 1580661                    /usr/lib/jvm/java-8-oracle/jre/lib/amd64/libzip.so
7f7b937c9000-7f7b939c9000 ---p 0001b000 fe:00 1580661                    /usr/lib/jvm/java-8-oracle/jre/lib/amd64/libzip.so
7f7b939c9000-7f7b939ca000 rw-p 0001b000 fe:00 1580661                    /usr/lib/jvm/java-8-oracle/jre/lib/amd64/libzip.so
7f7b939ca000-7f7b939d4000 r-xp 00000000 fe:00 1831606                    /lib/x86_64-linux-gnu/libnss_files-2.24.so
7f7b939d4000-7f7b93bd4000 ---p 0000a000 fe:00 1831606                    /lib/x86_64-linux-gnu/libnss_files-2.24.so
7f7b93bd4000-7f7b93bd5000 r--p 0000a000 fe:00 1831606                    /lib/x86_64-linux-gnu/libnss_files-2.24.so
7f7b93bd5000-7f7b93bd6000 rw-p 0000b000 fe:00 1831606                    /lib/x86_64-linux-gnu/libnss_files-2.24.so
7f7b93bd6000-7f7b93bdc000 rw-p 00000000 00:00 0 
7f7b93bdc000-7f7b93be7000 r-xp 00000000 fe:00 1831860                    /lib/x86_64-linux-gnu/libnss_nis-2.24.so
7f7b93be7000-7f7b93de6000 ---p 0000b000 fe:00 1831860                    /lib/x86_64-linux-gnu/libnss_nis-2.24.so
7f7b93de6000-7f7b93de7000 r--p 0000a000 fe:00 1831860                    /lib/x86_64-linux-gnu/libnss_nis-2.24.so
7f7b93de7000-7f7b93de8000 rw-p 0000b000 fe:00 1831860                    /lib/x86_64-linux-gnu/libnss_nis-2.24.so
7f7b93de8000-7f7b93dfc000 r-xp 00000000 fe:00 1831524                    /lib/x86_64-linux-gnu/libnsl-2.24.so
7f7b93dfc000-7f7b93ffc000 ---p 00014000 fe:00 1831524                    /lib/x86_64-linux-gnu/libnsl-2.24.so
7f7b93ffc000-7f7b93ffd000 r--p 00014000 fe:00 1831524                    /lib/x86_64-linux-gnu/libnsl-2.24.so
7f7b93ffd000-7f7b93ffe000 rw-p 00015000 fe:00 1831524                    /lib/x86_64-linux-gnu/libnsl-2.24.so
7f7b93ffe000-7f7b94000000 rw-p 00000000 00:00 0 
7f7b94000000-7f7b94035000 rw-p 00000000 00:00 0 
7f7b94035000-7f7b98000000 ---p 00000000 00:00 0 
7f7b980dc000-7f7b980e3000 r-xp 00000000 fe:00 1831527                    /lib/x86_64-linux-gnu/libnss_compat-2.24.so
7f7b980e3000-7f7b982e2000 ---p 00007000 fe:00 1831527                    /lib/x86_64-linux-gnu/libnss_compat-2.24.so
7f7b982e2000-7f7b982e3000 r--p 00006000 fe:00 1831527                    /lib/x86_64-linux-gnu/libnss_compat-2.24.so
7f7b982e3000-7f7b982e4000 rw-p 00007000 fe:00 1831527                    /lib/x86_64-linux-gnu/libnss_compat-2.24.so
7f7b982e4000-7f7b9830f000 r-xp 00000000 fe:00 1580569                    /usr/lib/jvm/java-8-oracle/jre/lib/amd64/libjava.so
7f7b9830f000-7f7b9850e000 ---p 0002b000 fe:00 1580569                    /usr/lib/jvm/java-8-oracle/jre/lib/amd64/libjava.so
7f7b9850e000-7f7b98510000 rw-p 0002a000 fe:00 1580569                    /usr/lib/jvm/java-8-oracle/jre/lib/amd64/libjava.so
7f7b98510000-7f7b9851d000 r-xp 00000000 fe:00 1580660                    /usr/lib/jvm/java-8-oracle/jre/lib/amd64/libverify.so
7f7b9851d000-7f7b9871d000 ---p 0000d000 fe:00 1580660                    /usr/lib/jvm/java-8-oracle/jre/lib/amd64/libverify.so
7f7b9871d000-7f7b9871f000 rw-p 0000d000 fe:00 1580660                    /usr/lib/jvm/java-8-oracle/jre/lib/amd64/libverify.so
7f7b9871f000-7f7b98726000 r-xp 00000000 fe:00 1834754                    /lib/x86_64-linux-gnu/librt-2.24.so
7f7b98726000-7f7b98925000 ---p 00007000 fe:00 1834754                    /lib/x86_64-linux-gnu/librt-2.24.so
7f7b98925000-7f7b98926000 r--p 00006000 fe:00 1834754                    /lib/x86_64-linux-gnu/librt-2.24.so
7f7b98926000-7f7b98927000 rw-p 00007000 fe:00 1834754                    /lib/x86_64-linux-gnu/librt-2.24.so
7f7b98927000-7f7b98a2a000 r-xp 00000000 fe:00 1831506                    /lib/x86_64-linux-gnu/libm-2.24.so
7f7b98a2a000-7f7b98c29000 ---p 00103000 fe:00 1831506                    /lib/x86_64-linux-gnu/libm-2.24.so
7f7b98c29000-7f7b98c2a000 r--p 00102000 fe:00 1831506                    /lib/x86_64-linux-gnu/libm-2.24.so
7f7b98c2a000-7f7b98c2b000 rw-p 00103000 fe:00 1831506                    /lib/x86_64-linux-gnu/libm-2.24.so
7f7b98c2b000-7f7b998fe000 r-xp 00000000 fe:00 1580550                    /usr/lib/jvm/java-8-oracle/jre/lib/amd64/server/libjvm.so
7f7b998fe000-7f7b99afd000 ---p 00cd3000 fe:00 1580550                    /usr/lib/jvm/java-8-oracle/jre/lib/amd64/server/libjvm.so
7f7b99afd000-7f7b99bd7000 rw-p 00cd2000 fe:00 1580550                    /usr/lib/jvm/java-8-oracle/jre/lib/amd64/server/libjvm.so
7f7b99bd7000-7f7b99c22000 rw-p 00000000 00:00 0 
7f7b99c22000-7f7b99db7000 r-xp 00000000 fe:00 1831488                    /lib/x86_64-linux-gnu/libc-2.24.so
7f7b99db7000-7f7b99fb7000 ---p 00195000 fe:00 1831488                    /lib/x86_64-linux-gnu/libc-2.24.so
7f7b99fb7000-7f7b99fbb000 r--p 00195000 fe:00 1831488                    /lib/x86_64-linux-gnu/libc-2.24.so
7f7b99fbb000-7f7b99fbd000 rw-p 00199000 fe:00 1831488                    /lib/x86_64-linux-gnu/libc-2.24.so
7f7b99fbd000-7f7b99fc1000 rw-p 00000000 00:00 0 
7f7b99fc1000-7f7b99fc4000 r-xp 00000000 fe:00 1831499                    /lib/x86_64-linux-gnu/libdl-2.24.so
7f7b99fc4000-7f7b9a1c3000 ---p 00003000 fe:00 1831499                    /lib/x86_64-linux-gnu/libdl-2.24.so
7f7b9a1c3000-7f7b9a1c4000 r--p 00002000 fe:00 1831499                    /lib/x86_64-linux-gnu/libdl-2.24.so
7f7b9a1c4000-7f7b9a1c5000 rw-p 00003000 fe:00 1831499                    /lib/x86_64-linux-gnu/libdl-2.24.so
7f7b9a1c5000-7f7b9a1db000 r-xp 00000000 fe:00 1579591                    /usr/lib/jvm/java-8-oracle/lib/amd64/jli/libjli.so
7f7b9a1db000-7f7b9a3da000 ---p 00016000 fe:00 1579591                    /usr/lib/jvm/java-8-oracle/lib/amd64/jli/libjli.so
7f7b9a3da000-7f7b9a3db000 rw-p 00015000 fe:00 1579591                    /usr/lib/jvm/java-8-oracle/lib/amd64/jli/libjli.so
7f7b9a3db000-7f7b9a3f3000 r-xp 00000000 fe:00 1832157                    /lib/x86_64-linux-gnu/libpthread-2.24.so
7f7b9a3f3000-7f7b9a5f2000 ---p 00018000 fe:00 1832157                    /lib/x86_64-linux-gnu/libpthread-2.24.so
7f7b9a5f2000-7f7b9a5f3000 r--p 00017000 fe:00 1832157                    /lib/x86_64-linux-gnu/libpthread-2.24.so
7f7b9a5f3000-7f7b9a5f4000 rw-p 00018000 fe:00 1832157                    /lib/x86_64-linux-gnu/libpthread-2.24.so
7f7b9a5f4000-7f7b9a5f8000 rw-p 00000000 00:00 0 
7f7b9a5f8000-7f7b9a61b000 r-xp 00000000 fe:00 1831464                    /lib/x86_64-linux-gnu/ld-2.24.so
7f7b9a6f2000-7f7b9a6f5000 ---p 00000000 00:00 0 
7f7b9a6f5000-7f7b9a7f5000 rw-p 00000000 00:00 0 
7f7b9a80e000-7f7b9a816000 rw-s 00000000 fe:00 1047490                    /tmp/hsperfdata_solimar/23322
7f7b9a816000-7f7b9a817000 rw-p 00000000 00:00 0 
7f7b9a817000-7f7b9a818000 r--p 00000000 00:00 0 
7f7b9a818000-7f7b9a81b000 rw-p 00000000 00:00 0 
7f7b9a81b000-7f7b9a81c000 r--p 00023000 fe:00 1831464                    /lib/x86_64-linux-gnu/ld-2.24.so
7f7b9a81c000-7f7b9a81d000 rw-p 00024000 fe:00 1831464                    /lib/x86_64-linux-gnu/ld-2.24.so
7f7b9a81d000-7f7b9a81e000 rw-p 00000000 00:00 0 
7ffc81114000-7ffc81136000 rw-p 00000000 00:00 0                          [stack]
7ffc811e8000-7ffc811ea000 r--p 00000000 00:00 0                          [vvar]
7ffc811ea000-7ffc811ec000 r-xp 00000000 00:00 0                          [vdso]
ffffffffff600000-ffffffffff601000 r-xp 00000000 00:00 0                  [vsyscall]

VM Arguments:
jvm_args: -Dfile.encoding=UTF-8 
java_command: br.com.solimar.jwt.client.ClienteRest
java_class_path (initial): /home/solimar/git/rest-jjwt/rest-jjwt/target/classes:/home/solimar/.m2/repository/javax/javaee-api/7.0/javaee-api-7.0.jar:/home/solimar/.m2/repository/com/sun/mail/javax.mail/1.5.0/javax.mail-1.5.0.jar:/home/solimar/.m2/repository/javax/activation/activation/1.1/activation-1.1.jar:/home/solimar/.m2/repository/io/jsonwebtoken/jjwt/0.9.0/jjwt-0.9.0.jar:/home/solimar/.m2/repository/com/fasterxml/jackson/core/jackson-databind/2.8.9/jackson-databind-2.8.9.jar:/home/solimar/.m2/repository/com/fasterxml/jackson/core/jackson-annotations/2.8.0/jackson-annotations-2.8.0.jar:/home/solimar/.m2/repository/com/fasterxml/jackson/core/jackson-core/2.8.9/jackson-core-2.8.9.jar:/home/solimar/.m2/repository/org/jboss/resteasy/resteasy-client/3.0.10.Final/resteasy-client-3.0.10.Final.jar:/home/solimar/.m2/repository/org/jboss/resteasy/resteasy-jaxrs/3.0.10.Final/resteasy-jaxrs-3.0.10.Final.jar:/home/solimar/.m2/repository/org/jboss/resteasy/jaxrs-api/3.0.10.Final/jaxrs-api-3.0.10.Final.jar:/home/solimar/.m2/repository/org/jboss/spec/javax/annotation/jboss-annotations-api_1.1_spec/1.0.1.Final/jboss-annotations-api_1.1_spec-1.0.1.Final.jar:/home/solimar/.m2/repository/org/apache/httpcomponents/httpclient/4.2.6/httpclient-4.2.6.jar:/home/solimar/.m2/repository/org/apache/httpcomponents/httpcore/4.2.5/httpcore-4.2.5.jar:/home/solimar/.m2/repository/commons-logging/commons-logging/1.1.1/commons-logging-1.1.1.jar:/home/solimar/.m2/repository/commons-codec/commons-codec/1.6/commons-codec-1.6.jar:/home/solimar/.m2/repository/commons-io/commons-io/2.1/commons-io-2.1.jar:/home/solimar/.m2/repository/net/jcip/jcip-annotations/1.0/jcip-annotations-1.0.jar
Launcher Type: SUN_STANDARD

Environment Variables:
JAVA_HOME=/usr/lib/jvm/java-8-oracle
CLASSPATH=.
PATH=/home/solimar/.nvm/versions/node/v8.9.0/bin:/opt/maven/apache-maven-3.3.9/bin:/usr/local/bin:/usr/bin:/bin:/usr/local/games:/usr/games:/usr/lib/jvm/java-8-oracle/bin:/usr/lib/jvm/java-8-oracle/db/bin:/usr/lib/jvm/java-8-oracle/jre/bin:/home/solimar/Android/Sdk/tools
SHELL=/bin/bash
DISPLAY=:0

Signal Handlers:
SIGSEGV: [libjvm.so+0xacbe10], sa_mask[0]=11111111011111111101111111111110, sa_flags=SA_RESTART|SA_SIGINFO
SIGBUS: [libjvm.so+0xacbe10], sa_mask[0]=11111111011111111101111111111110, sa_flags=SA_RESTART|SA_SIGINFO
SIGFPE: [libjvm.so+0x924f90], sa_mask[0]=11111111011111111101111111111110, sa_flags=SA_RESTART|SA_SIGINFO
SIGPIPE: [libjvm.so+0x924f90], sa_mask[0]=11111111011111111101111111111110, sa_flags=SA_RESTART|SA_SIGINFO
SIGXFSZ: [libjvm.so+0x924f90], sa_mask[0]=11111111011111111101111111111110, sa_flags=SA_RESTART|SA_SIGINFO
SIGILL: [libjvm.so+0x924f90], sa_mask[0]=11111111011111111101111111111110, sa_flags=SA_RESTART|SA_SIGINFO
SIGUSR1: SIG_DFL, sa_mask[0]=00000000000000000000000000000000, sa_flags=none
SIGUSR2: [libjvm.so+0x9267d0], sa_mask[0]=00100000000000000000000000000000, sa_flags=SA_RESTART|SA_SIGINFO
SIGHUP: SIG_DFL, sa_mask[0]=00000000000000000000000000000000, sa_flags=none
SIGINT: SIG_DFL, sa_mask[0]=00000000000000000000000000000000, sa_flags=none
SIGTERM: SIG_DFL, sa_mask[0]=00000000000000000000000000000000, sa_flags=none
SIGQUIT: SIG_DFL, sa_mask[0]=00000000000000000000000000000000, sa_flags=none


---------------  S Y S T E M  ---------------

OS:PRETTY_NAME="Debian GNU/Linux 9 (stretch)"
NAME="Debian GNU/Linux"
VERSION_ID="9"
VERSION="9 (stretch)"
ID=debian
HOME_URL="https://www.debian.org/"
SUPPORT_URL="https://www.debian.org/support"
BUG_REPORT_URL="https://bugs.debian.org/"

uname:Linux 4.9.0-4-amd64 #1 SMP Debian 4.9.51-1 (2017-09-28) x86_64
libc:glibc 2.24 NPTL 2.24 
rlimit: STACK 8192k, CORE 0k, NPROC 29507, NOFILE 1048576, AS infinity
load average:0.45 0.61 0.45

/proc/meminfo:
MemTotal:        7580924 kB
MemFree:          119068 kB
MemAvailable:      28048 kB
Buffers:            6384 kB
Cached:           352160 kB
SwapCached:         3380 kB
Active:          6254400 kB
Inactive:         947268 kB
Active(anon):    6222860 kB
Inactive(anon):   919672 kB
Active(file):      31540 kB
Inactive(file):    27596 kB
Unevictable:          32 kB
Mlocked:              32 kB
SwapTotal:        983036 kB
SwapFree:              0 kB
Dirty:               180 kB
Writeback:             0 kB
AnonPages:       6839820 kB
Mapped:           243104 kB
Shmem:            299404 kB
Slab:              90216 kB
SReclaimable:      28660 kB
SUnreclaim:        61556 kB
KernelStack:       17344 kB
PageTables:        85396 kB
NFS_Unstable:          0 kB
Bounce:                0 kB
WritebackTmp:          0 kB
CommitLimit:     4773496 kB
Committed_AS:   12735524 kB
VmallocTotal:   34359738367 kB
VmallocUsed:           0 kB
VmallocChunk:          0 kB
HardwareCorrupted:     0 kB
AnonHugePages:         0 kB
ShmemHugePages:        0 kB
ShmemPmdMapped:        0 kB
HugePages_Total:       0
HugePages_Free:        0
HugePages_Rsvd:        0
HugePages_Surp:        0
Hugepagesize:       2048 kB
DirectMap4k:      194008 kB
DirectMap2M:     7587840 kB
DirectMap1G:     1048576 kB


CPU:total 4 (initial active 4) (4 cores per cpu, 1 threads per core) family 6 model 60 stepping 3, cmov, cx8, fxsr, mmx, sse, sse2, sse3, ssse3, sse4.1, sse4.2, popcnt, avx, avx2, aes, clmul, erms, rtm, lzcnt, tsc, tscinvbit, bmi1, bmi2

/proc/cpuinfo:
processor	: 0
vendor_id	: GenuineIntel
cpu family	: 6
model		: 60
model name	: Intel(R) Core(TM) i5-4570 CPU @ 3.20GHz
stepping	: 3
microcode	: 0x17
cpu MHz		: 3362.304
cache size	: 6144 KB
physical id	: 0
siblings	: 4
core id		: 0
cpu cores	: 4
apicid		: 0
initial apicid	: 0
fpu		: yes
fpu_exception	: yes
cpuid level	: 13
wp		: yes
flags		: fpu vme de pse tsc msr pae mce cx8 apic sep mtrr pge mca cmov pat pse36 clflush dts acpi mmx fxsr sse sse2 ss ht tm pbe syscall nx pdpe1gb rdtscp lm constant_tsc arch_perfmon pebs bts rep_good nopl xtopology nonstop_tsc aperfmperf eagerfpu pni pclmulqdq dtes64 monitor ds_cpl vmx smx est tm2 ssse3 sdbg fma cx16 xtpr pdcm pcid sse4_1 sse4_2 x2apic movbe popcnt tsc_deadline_timer aes xsave avx f16c rdrand lahf_lm abm epb tpr_shadow vnmi flexpriority ept vpid fsgsbase tsc_adjust bmi1 hle avx2 smep bmi2 erms invpcid rtm xsaveopt dtherm ida arat pln pts
bugs		:
bogomips	: 6385.59
clflush size	: 64
cache_alignment	: 64
address sizes	: 39 bits physical, 48 bits virtual
power management:

processor	: 1
vendor_id	: GenuineIntel
cpu family	: 6
model		: 60
model name	: Intel(R) Core(TM) i5-4570 CPU @ 3.20GHz
stepping	: 3
microcode	: 0x17
cpu MHz		: 3285.937
cache size	: 6144 KB
physical id	: 0
siblings	: 4
core id		: 1
cpu cores	: 4
apicid		: 2
initial apicid	: 2
fpu		: yes
fpu_exception	: yes
cpuid level	: 13
wp		: yes
flags		: fpu vme de pse tsc msr pae mce cx8 apic sep mtrr pge mca cmov pat pse36 clflush dts acpi mmx fxsr sse sse2 ss ht tm pbe syscall nx pdpe1gb rdtscp lm constant_tsc arch_perfmon pebs bts rep_good nopl xtopology nonstop_tsc aperfmperf eagerfpu pni pclmulqdq dtes64 monitor ds_cpl vmx smx est tm2 ssse3 sdbg fma cx16 xtpr pdcm pcid sse4_1 sse4_2 x2apic movbe popcnt tsc_deadline_timer aes xsave avx f16c rdrand lahf_lm abm epb tpr_shadow vnmi flexpriority ept vpid fsgsbase tsc_adjust bmi1 hle avx2 smep bmi2 erms invpcid rtm xsaveopt dtherm ida arat pln pts
bugs		:
bogomips	: 6386.55
clflush size	: 64
cache_alignment	: 64
address sizes	: 39 bits physical, 48 bits virtual
power management:

processor	: 2
vendor_id	: GenuineIntel
cpu family	: 6
model		: 60
model name	: Intel(R) Core(TM) i5-4570 CPU @ 3.20GHz
stepping	: 3
microcode	: 0x17
cpu MHz		: 3293.164
cache size	: 6144 KB
physical id	: 0
siblings	: 4
core id		: 2
cpu cores	: 4
apicid		: 4
initial apicid	: 4
fpu		: yes
fpu_exception	: yes
cpuid level	: 13
wp		: yes
flags		: fpu vme de pse tsc msr pae mce cx8 apic sep mtrr pge mca cmov pat pse36 clflush dts acpi mmx fxsr sse sse2 ss ht tm pbe syscall nx pdpe1gb rdtscp lm constant_tsc arch_perfmon pebs bts rep_good nopl xtopology nonstop_tsc aperfmperf eagerfpu pni pclmulqdq dtes64 monitor ds_cpl vmx smx est tm2 ssse3 sdbg fma cx16 xtpr pdcm pcid sse4_1 sse4_2 x2apic movbe popcnt tsc_deadline_timer aes xsave avx f16c rdrand lahf_lm abm epb tpr_shadow vnmi flexpriority ept vpid fsgsbase tsc_adjust bmi1 hle avx2 smep bmi2 erms invpcid rtm xsaveopt dtherm ida arat pln pts
bugs		:
bogomips	: 6386.60
clflush size	: 64
cache_alignment	: 64
address sizes	: 39 bits physical, 48 bits virtual
power management:

processor	: 3
vendor_id	: GenuineIntel
cpu family	: 6
model		: 60
model name	: Intel(R) Core(TM) i5-4570 CPU @ 3.20GHz
stepping	: 3
microcode	: 0x17
cpu MHz		: 3315.820
cache size	: 6144 KB
physical id	: 0
siblings	: 4
core id		: 3
cpu cores	: 4
apicid		: 6
initial apicid	: 6
fpu		: yes
fpu_exception	: yes
cpuid level	: 13
wp		: yes
flags		: fpu vme de pse tsc msr pae mce cx8 apic sep mtrr pge mca cmov pat pse36 clflush dts acpi mmx fxsr sse sse2 ss ht tm pbe syscall nx pdpe1gb rdtscp lm constant_tsc arch_perfmon pebs bts rep_good nopl xtopology nonstop_tsc aperfmperf eagerfpu pni pclmulqdq dtes64 monitor ds_cpl vmx smx est tm2 ssse3 sdbg fma cx16 xtpr pdcm pcid sse4_1 sse4_2 x2apic movbe popcnt tsc_deadline_timer aes xsave avx f16c rdrand lahf_lm abm epb tpr_shadow vnmi flexpriority ept vpid fsgsbase tsc_adjust bmi1 hle avx2 smep bmi2 erms invpcid rtm xsaveopt dtherm ida arat pln pts
bugs		:
bogomips	: 6386.60
clflush size	: 64
cache_alignment	: 64
address sizes	: 39 bits physical, 48 bits virtual
power management:



Memory: 4k page, physical 7580924k(119364k free), swap 983036k(0k free)

vm_info: Java HotSpot(TM) 64-Bit Server VM (25.151-b12) for linux-amd64 JRE (1.8.0_151-b12), built on Sep  5 2017 19:20:58 by "java_re" with gcc 4.3.0 20080428 (Red Hat 4.3.0-8)

time: Wed Dec  6 13:48:11 2017
elapsed time: 0 seconds (0d 0h 0m 0s)

